\BOOKMARK [0][-]{chapter.1}{\376\377\0001\000\040\000I\000n\000d\000e\000x\000\040\000h\000i\000\351\000r\000a\000r\000c\000h\000i\000q\000u\000e}{}% 1
\BOOKMARK [1][-]{section.1.1}{\376\377\0001\000.\0001\000\040\000H\000i\000\351\000r\000a\000r\000c\000h\000i\000e\000\040\000d\000e\000s\000\040\000c\000l\000a\000s\000s\000e\000s}{chapter.1}% 2
\BOOKMARK [0][-]{chapter.2}{\376\377\0002\000\040\000I\000n\000d\000e\000x\000\040\000d\000e\000s\000\040\000c\000l\000a\000s\000s\000e\000s}{}% 3
\BOOKMARK [1][-]{section.2.1}{\376\377\0002\000.\0001\000\040\000L\000i\000s\000t\000e\000\040\000d\000e\000s\000\040\000c\000l\000a\000s\000s\000e\000s}{chapter.2}% 4
\BOOKMARK [0][-]{chapter.3}{\376\377\0003\000\040\000I\000n\000d\000e\000x\000\040\000d\000e\000s\000\040\000f\000i\000c\000h\000i\000e\000r\000s}{}% 5
\BOOKMARK [1][-]{section.3.1}{\376\377\0003\000.\0001\000\040\000L\000i\000s\000t\000e\000\040\000d\000e\000s\000\040\000f\000i\000c\000h\000i\000e\000r\000s}{chapter.3}% 6
\BOOKMARK [0][-]{chapter.4}{\376\377\0004\000\040\000D\000o\000c\000u\000m\000e\000n\000t\000a\000t\000i\000o\000n\000\040\000d\000e\000s\000\040\000c\000l\000a\000s\000s\000e\000s}{}% 7
\BOOKMARK [1][-]{section.4.1}{\376\377\0004\000.\0001\000\040\000R\000\351\000f\000\351\000r\000e\000n\000c\000e\000\040\000d\000e\000\040\000l\000a\000\040\000c\000l\000a\000s\000s\000e\000\040\000A\000p\000p\000l\000i\000c\000a\000t\000i\000o\000n}{chapter.4}% 8
\BOOKMARK [2][-]{subsection.4.1.1}{\376\377\0004\000.\0001\000.\0001\000\040\000D\000o\000c\000u\000m\000e\000n\000t\000a\000t\000i\000o\000n\000\040\000d\000e\000s\000\040\000c\000o\000n\000s\000t\000r\000u\000c\000t\000e\000u\000r\000s\000\040\000e\000t\000\040\000d\000e\000s\000t\000r\000u\000c\000t\000e\000u\000r}{section.4.1}% 9
\BOOKMARK [3][-]{subsubsection.4.1.1.1}{\376\377\0004\000.\0001\000.\0001\000.\0001\000\040\000A\000p\000p\000l\000i\000c\000a\000t\000i\000o\000n}{subsection.4.1.1}% 10
\BOOKMARK [2][-]{subsection.4.1.2}{\376\377\0004\000.\0001\000.\0002\000\040\000D\000o\000c\000u\000m\000e\000n\000t\000a\000t\000i\000o\000n\000\040\000d\000e\000s\000\040\000f\000o\000n\000c\000t\000i\000o\000n\000s\000\040\000m\000e\000m\000b\000r\000e\000s}{section.4.1}% 11
\BOOKMARK [3][-]{subsubsection.4.1.2.1}{\376\377\0004\000.\0001\000.\0002\000.\0001\000\040\000D\000o\000F\000o\000r\000E\000n\000s}{subsection.4.1.2}% 12
\BOOKMARK [3][-]{subsubsection.4.1.2.2}{\376\377\0004\000.\0001\000.\0002\000.\0002\000\040\000D\000o\000F\000o\000r\000F\000o\000r\000m\000e}{subsection.4.1.2}% 13
\BOOKMARK [3][-]{subsubsection.4.1.2.3}{\376\377\0004\000.\0001\000.\0002\000.\0003\000\040\000D\000o\000F\000o\000r\000Q\000P\000o\000i\000n\000t\000F}{subsection.4.1.2}% 14
\BOOKMARK [3][-]{subsubsection.4.1.2.4}{\376\377\0004\000.\0001\000.\0002\000.\0004\000\040\000g\000e\000t\000C\000e\000n\000t\000r\000e}{subsection.4.1.2}% 15
\BOOKMARK [3][-]{subsubsection.4.1.2.5}{\376\377\0004\000.\0001\000.\0002\000.\0005\000\040\000g\000e\000t\000K}{subsection.4.1.2}% 16
\BOOKMARK [3][-]{subsubsection.4.1.2.6}{\376\377\0004\000.\0001\000.\0002\000.\0006\000\040\000g\000e\000t\000m\0001\0001}{subsection.4.1.2}% 17
\BOOKMARK [3][-]{subsubsection.4.1.2.7}{\376\377\0004\000.\0001\000.\0002\000.\0007\000\040\000g\000e\000t\000m\0001\0002}{subsection.4.1.2}% 18
\BOOKMARK [3][-]{subsubsection.4.1.2.8}{\376\377\0004\000.\0001\000.\0002\000.\0008\000\040\000g\000e\000t\000m\0002\0001}{subsection.4.1.2}% 19
\BOOKMARK [3][-]{subsubsection.4.1.2.9}{\376\377\0004\000.\0001\000.\0002\000.\0009\000\040\000g\000e\000t\000m\0002\0002}{subsection.4.1.2}% 20
\BOOKMARK [3][-]{subsubsection.4.1.2.10}{\376\377\0004\000.\0001\000.\0002\000.\0001\0000\000\040\000g\000e\000t\000T\000h\000e\000t\000a}{subsection.4.1.2}% 21
\BOOKMARK [3][-]{subsubsection.4.1.2.11}{\376\377\0004\000.\0001\000.\0002\000.\0001\0001\000\040\000g\000e\000t\000v\0001}{subsection.4.1.2}% 22
\BOOKMARK [3][-]{subsubsection.4.1.2.12}{\376\377\0004\000.\0001\000.\0002\000.\0001\0002\000\040\000g\000e\000t\000v\0002}{subsection.4.1.2}% 23
\BOOKMARK [3][-]{subsubsection.4.1.2.13}{\376\377\0004\000.\0001\000.\0002\000.\0001\0003\000\040\000i\000s\000H\000o\000m\000o\000t\000h\000e\000t\000i\000e}{subsection.4.1.2}% 24
\BOOKMARK [3][-]{subsubsection.4.1.2.14}{\376\377\0004\000.\0001\000.\0002\000.\0001\0004\000\040\000i\000s\000R\000o\000t\000a\000t\000i\000o\000n}{subsection.4.1.2}% 25
\BOOKMARK [3][-]{subsubsection.4.1.2.15}{\376\377\0004\000.\0001\000.\0002\000.\0001\0005\000\040\000s\000e\000t\000C\000e\000n\000t\000r\000e}{subsection.4.1.2}% 26
\BOOKMARK [3][-]{subsubsection.4.1.2.16}{\376\377\0004\000.\0001\000.\0002\000.\0001\0006\000\040\000s\000e\000t\000K}{subsection.4.1.2}% 27
\BOOKMARK [3][-]{subsubsection.4.1.2.17}{\376\377\0004\000.\0001\000.\0002\000.\0001\0007\000\040\000s\000e\000t\000m\0001\0001}{subsection.4.1.2}% 28
\BOOKMARK [3][-]{subsubsection.4.1.2.18}{\376\377\0004\000.\0001\000.\0002\000.\0001\0008\000\040\000s\000e\000t\000m\0001\0002}{subsection.4.1.2}% 29
\BOOKMARK [3][-]{subsubsection.4.1.2.19}{\376\377\0004\000.\0001\000.\0002\000.\0001\0009\000\040\000s\000e\000t\000m\0002\0001}{subsection.4.1.2}% 30
\BOOKMARK [3][-]{subsubsection.4.1.2.20}{\376\377\0004\000.\0001\000.\0002\000.\0002\0000\000\040\000s\000e\000t\000m\0002\0002}{subsection.4.1.2}% 31
\BOOKMARK [3][-]{subsubsection.4.1.2.21}{\376\377\0004\000.\0001\000.\0002\000.\0002\0001\000\040\000s\000e\000t\000v\0001}{subsection.4.1.2}% 32
\BOOKMARK [3][-]{subsubsection.4.1.2.22}{\376\377\0004\000.\0001\000.\0002\000.\0002\0002\000\040\000s\000e\000t\000v\0002}{subsection.4.1.2}% 33
\BOOKMARK [2][-]{subsection.4.1.3}{\376\377\0004\000.\0001\000.\0003\000\040\000D\000o\000c\000u\000m\000e\000n\000t\000a\000t\000i\000o\000n\000\040\000d\000e\000s\000\040\000d\000o\000n\000n\000\351\000e\000s\000\040\000m\000e\000m\000b\000r\000e\000s}{section.4.1}% 34
\BOOKMARK [3][-]{subsubsection.4.1.3.1}{\376\377\0004\000.\0001\000.\0003\000.\0001\000\040\000C\000e\000n\000t\000r\000e}{subsection.4.1.3}% 35
\BOOKMARK [3][-]{subsubsection.4.1.3.2}{\376\377\0004\000.\0001\000.\0003\000.\0002\000\040\000k}{subsection.4.1.3}% 36
\BOOKMARK [3][-]{subsubsection.4.1.3.3}{\376\377\0004\000.\0001\000.\0003\000.\0003\000\040\000m\0001\0001}{subsection.4.1.3}% 37
\BOOKMARK [3][-]{subsubsection.4.1.3.4}{\376\377\0004\000.\0001\000.\0003\000.\0004\000\040\000m\0001\0002}{subsection.4.1.3}% 38
\BOOKMARK [3][-]{subsubsection.4.1.3.5}{\376\377\0004\000.\0001\000.\0003\000.\0005\000\040\000m\0002\0001}{subsection.4.1.3}% 39
\BOOKMARK [3][-]{subsubsection.4.1.3.6}{\376\377\0004\000.\0001\000.\0003\000.\0006\000\040\000m\0002\0002}{subsection.4.1.3}% 40
\BOOKMARK [3][-]{subsubsection.4.1.3.7}{\376\377\0004\000.\0001\000.\0003\000.\0007\000\040\000v\0001}{subsection.4.1.3}% 41
\BOOKMARK [3][-]{subsubsection.4.1.3.8}{\376\377\0004\000.\0001\000.\0003\000.\0008\000\040\000v\0002}{subsection.4.1.3}% 42
\BOOKMARK [1][-]{section.4.2}{\376\377\0004\000.\0002\000\040\000R\000\351\000f\000\351\000r\000e\000n\000c\000e\000\040\000d\000e\000\040\000l\000a\000\040\000c\000l\000a\000s\000s\000e\000\040\000F\000o\000r\000m\000e}{chapter.4}% 43
\BOOKMARK [2][-]{subsection.4.2.1}{\376\377\0004\000.\0002\000.\0001\000\040\000D\000o\000c\000u\000m\000e\000n\000t\000a\000t\000i\000o\000n\000\040\000d\000e\000s\000\040\000c\000o\000n\000s\000t\000r\000u\000c\000t\000e\000u\000r\000s\000\040\000e\000t\000\040\000d\000e\000s\000t\000r\000u\000c\000t\000e\000u\000r}{section.4.2}% 44
\BOOKMARK [3][-]{subsubsection.4.2.1.1}{\376\377\0004\000.\0002\000.\0001\000.\0001\000\040\000F\000o\000r\000m\000e}{subsection.4.2.1}% 45
\BOOKMARK [2][-]{subsection.4.2.2}{\376\377\0004\000.\0002\000.\0002\000\040\000D\000o\000c\000u\000m\000e\000n\000t\000a\000t\000i\000o\000n\000\040\000d\000e\000s\000\040\000f\000o\000n\000c\000t\000i\000o\000n\000s\000\040\000m\000e\000m\000b\000r\000e\000s}{section.4.2}% 46
\BOOKMARK [3][-]{subsubsection.4.2.2.1}{\376\377\0004\000.\0002\000.\0002\000.\0001\000\040\000A\000d\000d\000P\000o\000i\000n\000t}{subsection.4.2.2}% 47
\BOOKMARK [3][-]{subsubsection.4.2.2.2}{\376\377\0004\000.\0002\000.\0002\000.\0002\000\040\000g\000e\000n\000e\000r\000a\000t\000e\000E\000x\000i\000s\000t\000i\000n\000g}{subsection.4.2.2}% 48
\BOOKMARK [3][-]{subsubsection.4.2.2.3}{\376\377\0004\000.\0002\000.\0002\000.\0003\000\040\000G\000e\000t\000P\000o\000i\000n\000t}{subsection.4.2.2}% 49
\BOOKMARK [3][-]{subsubsection.4.2.2.4}{\376\377\0004\000.\0002\000.\0002\000.\0004\000\040\000G\000e\000t\000S\000i\000z\000e}{subsection.4.2.2}% 50
\BOOKMARK [2][-]{subsection.4.2.3}{\376\377\0004\000.\0002\000.\0003\000\040\000D\000o\000c\000u\000m\000e\000n\000t\000a\000t\000i\000o\000n\000\040\000d\000e\000s\000\040\000d\000o\000n\000n\000\351\000e\000s\000\040\000m\000e\000m\000b\000r\000e\000s}{section.4.2}% 51
\BOOKMARK [3][-]{subsubsection.4.2.3.1}{\376\377\0004\000.\0002\000.\0003\000.\0001\000\040\000L}{subsection.4.2.3}% 52
\BOOKMARK [1][-]{section.4.3}{\376\377\0004\000.\0003\000\040\000R\000\351\000f\000\351\000r\000e\000n\000c\000e\000\040\000d\000e\000\040\000l\000a\000\040\000c\000l\000a\000s\000s\000e\000\040\000F\000r\000a\000c\000t\000a\000l\000e}{chapter.4}% 53
\BOOKMARK [2][-]{subsection.4.3.1}{\376\377\0004\000.\0003\000.\0001\000\040\000D\000o\000c\000u\000m\000e\000n\000t\000a\000t\000i\000o\000n\000\040\000d\000e\000s\000\040\000c\000o\000n\000s\000t\000r\000u\000c\000t\000e\000u\000r\000s\000\040\000e\000t\000\040\000d\000e\000s\000t\000r\000u\000c\000t\000e\000u\000r}{section.4.3}% 54
\BOOKMARK [3][-]{subsubsection.4.3.1.1}{\376\377\0004\000.\0003\000.\0001\000.\0001\000\040\000F\000r\000a\000c\000t\000a\000l\000e}{subsection.4.3.1}% 55
\BOOKMARK [2][-]{subsection.4.3.2}{\376\377\0004\000.\0003\000.\0002\000\040\000D\000o\000c\000u\000m\000e\000n\000t\000a\000t\000i\000o\000n\000\040\000d\000e\000s\000\040\000f\000o\000n\000c\000t\000i\000o\000n\000s\000\040\000m\000e\000m\000b\000r\000e\000s}{section.4.3}% 56
\BOOKMARK [3][-]{subsubsection.4.3.2.1}{\376\377\0004\000.\0003\000.\0002\000.\0001\000\040\000A\000d\000d\000A\000p\000p\000l\000i\000c\000a\000t\000i\000o\000n}{subsection.4.3.2}% 57
\BOOKMARK [3][-]{subsubsection.4.3.2.2}{\376\377\0004\000.\0003\000.\0002\000.\0002\000\040\000A\000d\000d\000F\000o\000r\000m\000e}{subsection.4.3.2}% 58
\BOOKMARK [3][-]{subsubsection.4.3.2.3}{\376\377\0004\000.\0003\000.\0002\000.\0003\000\040\000A\000d\000d\000H\000o\000m\000o\000t\000h\000e\000t\000i\000e}{subsection.4.3.2}% 59
\BOOKMARK [3][-]{subsubsection.4.3.2.4}{\376\377\0004\000.\0003\000.\0002\000.\0004\000\040\000A\000d\000d\000H\000o\000m\000o\000t\000h\000e\000t\000i\000e}{subsection.4.3.2}% 60
\BOOKMARK [3][-]{subsubsection.4.3.2.5}{\376\377\0004\000.\0003\000.\0002\000.\0005\000\040\000A\000d\000d\000H\000o\000m\000o\000t\000h\000e\000t\000i\000e}{subsection.4.3.2}% 61
\BOOKMARK [3][-]{subsubsection.4.3.2.6}{\376\377\0004\000.\0003\000.\0002\000.\0006\000\040\000A\000d\000d\000R\000o\000t\000a\000t\000i\000o\000n}{subsection.4.3.2}% 62
\BOOKMARK [3][-]{subsubsection.4.3.2.7}{\376\377\0004\000.\0003\000.\0002\000.\0007\000\040\000A\000d\000d\000R\000o\000t\000a\000t\000i\000o\000n}{subsection.4.3.2}% 63
\BOOKMARK [3][-]{subsubsection.4.3.2.8}{\376\377\0004\000.\0003\000.\0002\000.\0008\000\040\000A\000d\000d\000R\000o\000t\000a\000t\000i\000o\000n}{subsection.4.3.2}% 64
\BOOKMARK [3][-]{subsubsection.4.3.2.9}{\376\377\0004\000.\0003\000.\0002\000.\0009\000\040\000g\000e\000n\000e\000r\000a\000t\000e\000E\000x\000i\000s\000t\000i\000n\000g}{subsection.4.3.2}% 65
\BOOKMARK [3][-]{subsubsection.4.3.2.10}{\376\377\0004\000.\0003\000.\0002\000.\0001\0000\000\040\000g\000e\000t\000F\000r\000o\000m\000E\000n\000s\000F\000o\000r\000m\000e}{subsection.4.3.2}% 66
\BOOKMARK [3][-]{subsubsection.4.3.2.11}{\376\377\0004\000.\0003\000.\0002\000.\0001\0001\000\040\000g\000e\000t\000S\000i\000z\000e\000E\000n\000s\000A\000p\000p\000l\000i}{subsection.4.3.2}% 67
\BOOKMARK [3][-]{subsubsection.4.3.2.12}{\376\377\0004\000.\0003\000.\0002\000.\0001\0002\000\040\000g\000e\000t\000S\000i\000z\000e\000E\000n\000s\000F\000o\000r\000m\000e}{subsection.4.3.2}% 68
\BOOKMARK [3][-]{subsubsection.4.3.2.13}{\376\377\0004\000.\0003\000.\0002\000.\0001\0003\000\040\000i\000s\000L\000i\000k\000e\000C\000a\000n\000t\000o\000r}{subsection.4.3.2}% 69
\BOOKMARK [3][-]{subsubsection.4.3.2.14}{\376\377\0004\000.\0003\000.\0002\000.\0001\0004\000\040\000R\000u\000n\000O\000n\000c\000e}{subsection.4.3.2}% 70
\BOOKMARK [3][-]{subsubsection.4.3.2.15}{\376\377\0004\000.\0003\000.\0002\000.\0001\0005\000\040\000s\000e\000t\000L\000i\000k\000e\000C\000a\000n\000t\000o\000r}{subsection.4.3.2}% 71
\BOOKMARK [2][-]{subsection.4.3.3}{\376\377\0004\000.\0003\000.\0003\000\040\000D\000o\000c\000u\000m\000e\000n\000t\000a\000t\000i\000o\000n\000\040\000d\000e\000s\000\040\000d\000o\000n\000n\000\351\000e\000s\000\040\000m\000e\000m\000b\000r\000e\000s}{section.4.3}% 72
\BOOKMARK [3][-]{subsubsection.4.3.3.1}{\376\377\0004\000.\0003\000.\0003\000.\0001\000\040\000E\000n\000s\000A}{subsection.4.3.3}% 73
\BOOKMARK [3][-]{subsubsection.4.3.3.2}{\376\377\0004\000.\0003\000.\0003\000.\0002\000\040\000E\000n\000s\000F}{subsection.4.3.3}% 74
\BOOKMARK [3][-]{subsubsection.4.3.3.3}{\376\377\0004\000.\0003\000.\0003\000.\0003\000\040\000i\000s\000C\000a\000n\000t\000o\000r}{subsection.4.3.3}% 75
\BOOKMARK [1][-]{section.4.4}{\376\377\0004\000.\0004\000\040\000R\000\351\000f\000\351\000r\000e\000n\000c\000e\000\040\000d\000e\000\040\000l\000a\000\040\000c\000l\000a\000s\000s\000e\000\040\000H\000o\000m\000o\000t\000h\000e\000t\000i\000e}{chapter.4}% 76
\BOOKMARK [2][-]{subsection.4.4.1}{\376\377\0004\000.\0004\000.\0001\000\040\000D\000o\000c\000u\000m\000e\000n\000t\000a\000t\000i\000o\000n\000\040\000d\000e\000s\000\040\000c\000o\000n\000s\000t\000r\000u\000c\000t\000e\000u\000r\000s\000\040\000e\000t\000\040\000d\000e\000s\000t\000r\000u\000c\000t\000e\000u\000r}{section.4.4}% 77
\BOOKMARK [3][-]{subsubsection.4.4.1.1}{\376\377\0004\000.\0004\000.\0001\000.\0001\000\040\000H\000o\000m\000o\000t\000h\000e\000t\000i\000e}{subsection.4.4.1}% 78
\BOOKMARK [3][-]{subsubsection.4.4.1.2}{\376\377\0004\000.\0004\000.\0001\000.\0002\000\040\000H\000o\000m\000o\000t\000h\000e\000t\000i\000e}{subsection.4.4.1}% 79
\BOOKMARK [3][-]{subsubsection.4.4.1.3}{\376\377\0004\000.\0004\000.\0001\000.\0003\000\040\000H\000o\000m\000o\000t\000h\000e\000t\000i\000e}{subsection.4.4.1}% 80
\BOOKMARK [2][-]{subsection.4.4.2}{\376\377\0004\000.\0004\000.\0002\000\040\000D\000o\000c\000u\000m\000e\000n\000t\000a\000t\000i\000o\000n\000\040\000d\000e\000s\000\040\000f\000o\000n\000c\000t\000i\000o\000n\000s\000\040\000m\000e\000m\000b\000r\000e\000s}{section.4.4}% 81
\BOOKMARK [3][-]{subsubsection.4.4.2.1}{\376\377\0004\000.\0004\000.\0002\000.\0001\000\040\000s\000e\000t\000H\000o\000m\000o\000t\000h\000e\000t\000i\000e}{subsection.4.4.2}% 82
\BOOKMARK [3][-]{subsubsection.4.4.2.2}{\376\377\0004\000.\0004\000.\0002\000.\0002\000\040\000s\000e\000t\000H\000o\000m\000o\000t\000h\000e\000t\000i\000e}{subsection.4.4.2}% 83
\BOOKMARK [1][-]{section.4.5}{\376\377\0004\000.\0005\000\040\000R\000\351\000f\000\351\000r\000e\000n\000c\000e\000\040\000d\000e\000\040\000l\000a\000\040\000c\000l\000a\000s\000s\000e\000\040\000Q\000M\000a\000i\000n\000W\000i\000n\000d\000o\000w}{chapter.4}% 84
\BOOKMARK [1][-]{section.4.6}{\376\377\0004\000.\0006\000\040\000R\000\351\000f\000\351\000r\000e\000n\000c\000e\000\040\000d\000e\000\040\000l\000a\000\040\000c\000l\000a\000s\000s\000e\000\040\000R\000o\000t\000a\000t\000i\000o\000n}{chapter.4}% 85
\BOOKMARK [2][-]{subsection.4.6.1}{\376\377\0004\000.\0006\000.\0001\000\040\000D\000o\000c\000u\000m\000e\000n\000t\000a\000t\000i\000o\000n\000\040\000d\000e\000s\000\040\000c\000o\000n\000s\000t\000r\000u\000c\000t\000e\000u\000r\000s\000\040\000e\000t\000\040\000d\000e\000s\000t\000r\000u\000c\000t\000e\000u\000r}{section.4.6}% 86
\BOOKMARK [3][-]{subsubsection.4.6.1.1}{\376\377\0004\000.\0006\000.\0001\000.\0001\000\040\000R\000o\000t\000a\000t\000i\000o\000n}{subsection.4.6.1}% 87
\BOOKMARK [3][-]{subsubsection.4.6.1.2}{\376\377\0004\000.\0006\000.\0001\000.\0002\000\040\000R\000o\000t\000a\000t\000i\000o\000n}{subsection.4.6.1}% 88
\BOOKMARK [3][-]{subsubsection.4.6.1.3}{\376\377\0004\000.\0006\000.\0001\000.\0003\000\040\000R\000o\000t\000a\000t\000i\000o\000n}{subsection.4.6.1}% 89
\BOOKMARK [2][-]{subsection.4.6.2}{\376\377\0004\000.\0006\000.\0002\000\040\000D\000o\000c\000u\000m\000e\000n\000t\000a\000t\000i\000o\000n\000\040\000d\000e\000s\000\040\000f\000o\000n\000c\000t\000i\000o\000n\000s\000\040\000m\000e\000m\000b\000r\000e\000s}{section.4.6}% 90
\BOOKMARK [3][-]{subsubsection.4.6.2.1}{\376\377\0004\000.\0006\000.\0002\000.\0001\000\040\000s\000e\000t\000R\000o\000t\000a\000t\000i\000o\000n}{subsection.4.6.2}% 91
\BOOKMARK [3][-]{subsubsection.4.6.2.2}{\376\377\0004\000.\0006\000.\0002\000.\0002\000\040\000s\000e\000t\000R\000o\000t\000a\000t\000i\000o\000n}{subsection.4.6.2}% 92
\BOOKMARK [1][-]{section.4.7}{\376\377\0004\000.\0007\000\040\000R\000\351\000f\000\351\000r\000e\000n\000c\000e\000\040\000d\000e\000\040\000l\000a\000\040\000c\000l\000a\000s\000s\000e\000\040\000S\000i\000m\000i\000l\000i\000t\000u\000d\000e\000D\000i\000r\000e\000c\000t\000e}{chapter.4}% 93
\BOOKMARK [2][-]{subsection.4.7.1}{\376\377\0004\000.\0007\000.\0001\000\040\000D\000o\000c\000u\000m\000e\000n\000t\000a\000t\000i\000o\000n\000\040\000d\000e\000s\000\040\000c\000o\000n\000s\000t\000r\000u\000c\000t\000e\000u\000r\000s\000\040\000e\000t\000\040\000d\000e\000s\000t\000r\000u\000c\000t\000e\000u\000r}{section.4.7}% 94
\BOOKMARK [3][-]{subsubsection.4.7.1.1}{\376\377\0004\000.\0007\000.\0001\000.\0001\000\040\000S\000i\000m\000i\000l\000i\000t\000u\000d\000e\000D\000i\000r\000e\000c\000t\000e}{subsection.4.7.1}% 95
\BOOKMARK [3][-]{subsubsection.4.7.1.2}{\376\377\0004\000.\0007\000.\0001\000.\0002\000\040\000S\000i\000m\000i\000l\000i\000t\000u\000d\000e\000D\000i\000r\000e\000c\000t\000e}{subsection.4.7.1}% 96
\BOOKMARK [3][-]{subsubsection.4.7.1.3}{\376\377\0004\000.\0007\000.\0001\000.\0003\000\040\000S\000i\000m\000i\000l\000i\000t\000u\000d\000e\000D\000i\000r\000e\000c\000t\000e}{subsection.4.7.1}% 97
\BOOKMARK [2][-]{subsection.4.7.2}{\376\377\0004\000.\0007\000.\0002\000\040\000D\000o\000c\000u\000m\000e\000n\000t\000a\000t\000i\000o\000n\000\040\000d\000e\000s\000\040\000f\000o\000n\000c\000t\000i\000o\000n\000s\000\040\000m\000e\000m\000b\000r\000e\000s}{section.4.7}% 98
\BOOKMARK [3][-]{subsubsection.4.7.2.1}{\376\377\0004\000.\0007\000.\0002\000.\0001\000\040\000s\000e\000t\000S\000i\000m\000i\000l\000i\000t\000u\000d\000e\000D\000i\000r\000e\000c\000t\000e}{subsection.4.7.2}% 99
\BOOKMARK [3][-]{subsubsection.4.7.2.2}{\376\377\0004\000.\0007\000.\0002\000.\0002\000\040\000s\000e\000t\000S\000i\000m\000i\000l\000i\000t\000u\000d\000e\000D\000i\000r\000e\000c\000t\000e}{subsection.4.7.2}% 100
\BOOKMARK [3][-]{subsubsection.4.7.2.3}{\376\377\0004\000.\0007\000.\0002\000.\0003\000\040\000s\000e\000t\000T\000h\000e\000t\000a}{subsection.4.7.2}% 101
\BOOKMARK [1][-]{section.4.8}{\376\377\0004\000.\0008\000\040\000R\000\351\000f\000\351\000r\000e\000n\000c\000e\000\040\000d\000e\000\040\000l\000a\000\040\000c\000l\000a\000s\000s\000e\000\040\000S\000i\000m\000i\000l\000i\000t\000u\000d\000e\000I\000n\000d\000i\000r\000e\000c\000t\000e}{chapter.4}% 102
\BOOKMARK [2][-]{subsection.4.8.1}{\376\377\0004\000.\0008\000.\0001\000\040\000D\000o\000c\000u\000m\000e\000n\000t\000a\000t\000i\000o\000n\000\040\000d\000e\000s\000\040\000c\000o\000n\000s\000t\000r\000u\000c\000t\000e\000u\000r\000s\000\040\000e\000t\000\040\000d\000e\000s\000t\000r\000u\000c\000t\000e\000u\000r}{section.4.8}% 103
\BOOKMARK [3][-]{subsubsection.4.8.1.1}{\376\377\0004\000.\0008\000.\0001\000.\0001\000\040\000S\000i\000m\000i\000l\000i\000t\000u\000d\000e\000I\000n\000d\000i\000r\000e\000c\000t\000e}{subsection.4.8.1}% 104
\BOOKMARK [3][-]{subsubsection.4.8.1.2}{\376\377\0004\000.\0008\000.\0001\000.\0002\000\040\000S\000i\000m\000i\000l\000i\000t\000u\000d\000e\000I\000n\000d\000i\000r\000e\000c\000t\000e}{subsection.4.8.1}% 105
\BOOKMARK [3][-]{subsubsection.4.8.1.3}{\376\377\0004\000.\0008\000.\0001\000.\0003\000\040\000S\000i\000m\000i\000l\000i\000t\000u\000d\000e\000I\000n\000d\000i\000r\000e\000c\000t\000e}{subsection.4.8.1}% 106
\BOOKMARK [2][-]{subsection.4.8.2}{\376\377\0004\000.\0008\000.\0002\000\040\000D\000o\000c\000u\000m\000e\000n\000t\000a\000t\000i\000o\000n\000\040\000d\000e\000s\000\040\000f\000o\000n\000c\000t\000i\000o\000n\000s\000\040\000m\000e\000m\000b\000r\000e\000s}{section.4.8}% 107
\BOOKMARK [3][-]{subsubsection.4.8.2.1}{\376\377\0004\000.\0008\000.\0002\000.\0001\000\040\000s\000e\000t\000S\000i\000m\000i\000l\000i\000t\000u\000d\000e\000I\000n\000d\000i\000r\000e\000c\000t\000e}{subsection.4.8.2}% 108
\BOOKMARK [3][-]{subsubsection.4.8.2.2}{\376\377\0004\000.\0008\000.\0002\000.\0002\000\040\000s\000e\000t\000S\000i\000m\000i\000l\000i\000t\000u\000d\000e\000I\000n\000d\000i\000r\000e\000c\000t\000e}{subsection.4.8.2}% 109
\BOOKMARK [1][-]{section.4.9}{\376\377\0004\000.\0009\000\040\000R\000\351\000f\000\351\000r\000e\000n\000c\000e\000\040\000d\000e\000\040\000l\000a\000\040\000c\000l\000a\000s\000s\000e\000\040\000W\000i\000n\000d\000o\000w}{chapter.4}% 110
\BOOKMARK [2][-]{subsection.4.9.1}{\376\377\0004\000.\0009\000.\0001\000\040\000D\000o\000c\000u\000m\000e\000n\000t\000a\000t\000i\000o\000n\000\040\000d\000e\000s\000\040\000c\000o\000n\000s\000t\000r\000u\000c\000t\000e\000u\000r\000s\000\040\000e\000t\000\040\000d\000e\000s\000t\000r\000u\000c\000t\000e\000u\000r}{section.4.9}% 111
\BOOKMARK [3][-]{subsubsection.4.9.1.1}{\376\377\0004\000.\0009\000.\0001\000.\0001\000\040\000W\000i\000n\000d\000o\000w}{subsection.4.9.1}% 112
\BOOKMARK [2][-]{subsection.4.9.2}{\376\377\0004\000.\0009\000.\0002\000\040\000D\000o\000c\000u\000m\000e\000n\000t\000a\000t\000i\000o\000n\000\040\000d\000e\000s\000\040\000f\000o\000n\000c\000t\000i\000o\000n\000s\000\040\000m\000e\000m\000b\000r\000e\000s}{section.4.9}% 113
\BOOKMARK [3][-]{subsubsection.4.9.2.1}{\376\377\0004\000.\0009\000.\0002\000.\0001\000\040\000e\000v\000e\000n\000t\000F\000i\000l\000t\000e\000r}{subsection.4.9.2}% 114
\BOOKMARK [3][-]{subsubsection.4.9.2.2}{\376\377\0004\000.\0009\000.\0002\000.\0002\000\040\000l\000o\000a\000d}{subsection.4.9.2}% 115
\BOOKMARK [3][-]{subsubsection.4.9.2.3}{\376\377\0004\000.\0009\000.\0002\000.\0003\000\040\000l\000o\000a\000d\000E\000x\000i\000s\000t\000i\000n\000g\000F\000r\000a\000c\000t\000a\000l}{subsection.4.9.2}% 116
\BOOKMARK [3][-]{subsubsection.4.9.2.4}{\376\377\0004\000.\0009\000.\0002\000.\0004\000\040\000r\000e\000f\000r\000e\000s\000h\000V\000i\000e\000w}{subsection.4.9.2}% 117
\BOOKMARK [3][-]{subsubsection.4.9.2.5}{\376\377\0004\000.\0009\000.\0002\000.\0005\000\040\000r\000e\000f\000r\000e\000s\000h\000V\000i\000e\000w\000C\000o\000l\000o\000r}{subsection.4.9.2}% 118
\BOOKMARK [3][-]{subsubsection.4.9.2.6}{\376\377\0004\000.\0009\000.\0002\000.\0006\000\040\000r\000e\000f\000r\000e\000s\000h\000V\000i\000e\000w\000S\000p\000e\000c\000i\000a\000l\000C\000a\000n\000t\000o\000r}{subsection.4.9.2}% 119
\BOOKMARK [3][-]{subsubsection.4.9.2.7}{\376\377\0004\000.\0009\000.\0002\000.\0007\000\040\000Z\000o\000o\000m}{subsection.4.9.2}% 120
\BOOKMARK [2][-]{subsection.4.9.3}{\376\377\0004\000.\0009\000.\0003\000\040\000D\000o\000c\000u\000m\000e\000n\000t\000a\000t\000i\000o\000n\000\040\000d\000e\000s\000\040\000d\000o\000n\000n\000\351\000e\000s\000\040\000m\000e\000m\000b\000r\000e\000s}{section.4.9}% 121
\BOOKMARK [3][-]{subsubsection.4.9.3.1}{\376\377\0004\000.\0009\000.\0003\000.\0001\000\040\000B\000\137\000l\000o\000a\000d}{subsection.4.9.3}% 122
\BOOKMARK [3][-]{subsubsection.4.9.3.2}{\376\377\0004\000.\0009\000.\0003\000.\0002\000\040\000B\000\137\000n\000e\000x\000t}{subsection.4.9.3}% 123
\BOOKMARK [3][-]{subsubsection.4.9.3.3}{\376\377\0004\000.\0009\000.\0003\000.\0003\000\040\000f\000r\000a\000c\000t\000a\000l\000e}{subsection.4.9.3}% 124
\BOOKMARK [3][-]{subsubsection.4.9.3.4}{\376\377\0004\000.\0009\000.\0003\000.\0004\000\040\000G\000r\000i\000d\000L\000a\000y\000o\000u\000t}{subsection.4.9.3}% 125
\BOOKMARK [3][-]{subsubsection.4.9.3.5}{\376\377\0004\000.\0009\000.\0003\000.\0005\000\040\000P\000e\000n\0001}{subsection.4.9.3}% 126
\BOOKMARK [3][-]{subsubsection.4.9.3.6}{\376\377\0004\000.\0009\000.\0003\000.\0006\000\040\000s\000c\000e\000n\000e}{subsection.4.9.3}% 127
\BOOKMARK [3][-]{subsubsection.4.9.3.7}{\376\377\0004\000.\0009\000.\0003\000.\0007\000\040\000S\000D\000I\000\137\000A\000r\000e\000a}{subsection.4.9.3}% 128
\BOOKMARK [3][-]{subsubsection.4.9.3.8}{\376\377\0004\000.\0009\000.\0003\000.\0008\000\040\000s\000t\000e\000p}{subsection.4.9.3}% 129
\BOOKMARK [3][-]{subsubsection.4.9.3.9}{\376\377\0004\000.\0009\000.\0003\000.\0009\000\040\000T\000o\000o\000l\000B\000a\000r}{subsection.4.9.3}% 130
\BOOKMARK [3][-]{subsubsection.4.9.3.10}{\376\377\0004\000.\0009\000.\0003\000.\0001\0000\000\040\000t\000w\000e\000a\000k}{subsection.4.9.3}% 131
\BOOKMARK [3][-]{subsubsection.4.9.3.11}{\376\377\0004\000.\0009\000.\0003\000.\0001\0001\000\040\000v\000i\000e\000w}{subsection.4.9.3}% 132
\BOOKMARK [0][-]{chapter.5}{\376\377\0005\000\040\000D\000o\000c\000u\000m\000e\000n\000t\000a\000t\000i\000o\000n\000\040\000d\000e\000s\000\040\000f\000i\000c\000h\000i\000e\000r\000s}{}% 133
\BOOKMARK [1][-]{section.5.1}{\376\377\0005\000.\0001\000\040\000R\000\351\000f\000\351\000r\000e\000n\000c\000e\000\040\000d\000u\000\040\000f\000i\000c\000h\000i\000e\000r\000\040\000a\000p\000p\000l\000i\000c\000a\000t\000i\000o\000n\000.\000c\000p\000p}{chapter.5}% 134
\BOOKMARK [2][-]{subsection.5.1.1}{\376\377\0005\000.\0001\000.\0001\000\040\000D\000o\000c\000u\000m\000e\000n\000t\000a\000t\000i\000o\000n\000\040\000d\000e\000s\000\040\000f\000o\000n\000c\000t\000i\000o\000n\000s}{section.5.1}% 135
\BOOKMARK [3][-]{subsubsection.5.1.1.1}{\376\377\0005\000.\0001\000.\0001\000.\0001\000\040\000o\000p\000e\000r\000a\000t\000o\000r\000=\000=}{subsection.5.1.1}% 136
\BOOKMARK [1][-]{section.5.2}{\376\377\0005\000.\0002\000\040\000R\000\351\000f\000\351\000r\000e\000n\000c\000e\000\040\000d\000u\000\040\000f\000i\000c\000h\000i\000e\000r\000\040\000a\000p\000p\000l\000i\000c\000a\000t\000i\000o\000n\000.\000h}{chapter.5}% 137
\BOOKMARK [2][-]{subsection.5.2.1}{\376\377\0005\000.\0002\000.\0001\000\040\000D\000o\000c\000u\000m\000e\000n\000t\000a\000t\000i\000o\000n\000\040\000d\000e\000s\000\040\000f\000o\000n\000c\000t\000i\000o\000n\000s}{section.5.2}% 138
\BOOKMARK [3][-]{subsubsection.5.2.1.1}{\376\377\0005\000.\0002\000.\0001\000.\0001\000\040\000o\000p\000e\000r\000a\000t\000o\000r\000=\000=}{subsection.5.2.1}% 139
\BOOKMARK [1][-]{section.5.3}{\376\377\0005\000.\0003\000\040\000R\000\351\000f\000\351\000r\000e\000n\000c\000e\000\040\000d\000u\000\040\000f\000i\000c\000h\000i\000e\000r\000\040\000f\000o\000r\000m\000e\000.\000c\000p\000p}{chapter.5}% 140
\BOOKMARK [2][-]{subsection.5.3.1}{\376\377\0005\000.\0003\000.\0001\000\040\000D\000o\000c\000u\000m\000e\000n\000t\000a\000t\000i\000o\000n\000\040\000d\000e\000s\000\040\000f\000o\000n\000c\000t\000i\000o\000n\000s}{section.5.3}% 141
\BOOKMARK [3][-]{subsubsection.5.3.1.1}{\376\377\0005\000.\0003\000.\0001\000.\0001\000\040\000o\000p\000e\000r\000a\000t\000o\000r\000=\000=}{subsection.5.3.1}% 142
\BOOKMARK [1][-]{section.5.4}{\376\377\0005\000.\0004\000\040\000R\000\351\000f\000\351\000r\000e\000n\000c\000e\000\040\000d\000u\000\040\000f\000i\000c\000h\000i\000e\000r\000\040\000f\000o\000r\000m\000e\000.\000h}{chapter.5}% 143
\BOOKMARK [2][-]{subsection.5.4.1}{\376\377\0005\000.\0004\000.\0001\000\040\000D\000o\000c\000u\000m\000e\000n\000t\000a\000t\000i\000o\000n\000\040\000d\000e\000s\000\040\000f\000o\000n\000c\000t\000i\000o\000n\000s}{section.5.4}% 144
\BOOKMARK [3][-]{subsubsection.5.4.1.1}{\376\377\0005\000.\0004\000.\0001\000.\0001\000\040\000o\000p\000e\000r\000a\000t\000o\000r\000=\000=}{subsection.5.4.1}% 145
\BOOKMARK [1][-]{section.5.5}{\376\377\0005\000.\0005\000\040\000R\000\351\000f\000\351\000r\000e\000n\000c\000e\000\040\000d\000u\000\040\000f\000i\000c\000h\000i\000e\000r\000\040\000f\000r\000a\000c\000t\000a\000l\000e\000.\000c\000p\000p}{chapter.5}% 146
\BOOKMARK [1][-]{section.5.6}{\376\377\0005\000.\0006\000\040\000R\000\351\000f\000\351\000r\000e\000n\000c\000e\000\040\000d\000u\000\040\000f\000i\000c\000h\000i\000e\000r\000\040\000f\000r\000a\000c\000t\000a\000l\000e\000.\000h}{chapter.5}% 147
\BOOKMARK [1][-]{section.5.7}{\376\377\0005\000.\0007\000\040\000R\000\351\000f\000\351\000r\000e\000n\000c\000e\000\040\000d\000u\000\040\000f\000i\000c\000h\000i\000e\000r\000\040\000h\000o\000m\000o\000t\000h\000e\000t\000i\000e\000.\000c\000p\000p}{chapter.5}% 148
\BOOKMARK [1][-]{section.5.8}{\376\377\0005\000.\0008\000\040\000R\000\351\000f\000\351\000r\000e\000n\000c\000e\000\040\000d\000u\000\040\000f\000i\000c\000h\000i\000e\000r\000\040\000h\000o\000m\000o\000t\000h\000e\000t\000i\000e\000.\000h}{chapter.5}% 149
\BOOKMARK [1][-]{section.5.9}{\376\377\0005\000.\0009\000\040\000R\000\351\000f\000\351\000r\000e\000n\000c\000e\000\040\000d\000u\000\040\000f\000i\000c\000h\000i\000e\000r\000\040\000m\000a\000i\000n\000.\000c\000p\000p}{chapter.5}% 150
\BOOKMARK [2][-]{subsection.5.9.1}{\376\377\0005\000.\0009\000.\0001\000\040\000D\000o\000c\000u\000m\000e\000n\000t\000a\000t\000i\000o\000n\000\040\000d\000e\000s\000\040\000f\000o\000n\000c\000t\000i\000o\000n\000s}{section.5.9}% 151
\BOOKMARK [3][-]{subsubsection.5.9.1.1}{\376\377\0005\000.\0009\000.\0001\000.\0001\000\040\000m\000a\000i\000n}{subsection.5.9.1}% 152
\BOOKMARK [1][-]{section.5.10}{\376\377\0005\000.\0001\0000\000\040\000R\000\351\000f\000\351\000r\000e\000n\000c\000e\000\040\000d\000u\000\040\000f\000i\000c\000h\000i\000e\000r\000\040\000r\000o\000t\000a\000t\000i\000o\000n\000.\000c\000p\000p}{chapter.5}% 153
\BOOKMARK [1][-]{section.5.11}{\376\377\0005\000.\0001\0001\000\040\000R\000\351\000f\000\351\000r\000e\000n\000c\000e\000\040\000d\000u\000\040\000f\000i\000c\000h\000i\000e\000r\000\040\000r\000o\000t\000a\000t\000i\000o\000n\000.\000h}{chapter.5}% 154
\BOOKMARK [1][-]{section.5.12}{\376\377\0005\000.\0001\0002\000\040\000R\000\351\000f\000\351\000r\000e\000n\000c\000e\000\040\000d\000u\000\040\000f\000i\000c\000h\000i\000e\000r\000\040\000s\000i\000m\000i\000l\000i\000t\000u\000d\000e\000d\000i\000r\000e\000c\000t\000e\000.\000c\000p\000p}{chapter.5}% 155
\BOOKMARK [1][-]{section.5.13}{\376\377\0005\000.\0001\0003\000\040\000R\000\351\000f\000\351\000r\000e\000n\000c\000e\000\040\000d\000u\000\040\000f\000i\000c\000h\000i\000e\000r\000\040\000s\000i\000m\000i\000l\000i\000t\000u\000d\000e\000d\000i\000r\000e\000c\000t\000e\000.\000h}{chapter.5}% 156
\BOOKMARK [1][-]{section.5.14}{\376\377\0005\000.\0001\0004\000\040\000R\000\351\000f\000\351\000r\000e\000n\000c\000e\000\040\000d\000u\000\040\000f\000i\000c\000h\000i\000e\000r\000\040\000s\000i\000m\000i\000l\000i\000t\000u\000d\000e\000i\000n\000d\000i\000r\000e\000c\000t\000e\000.\000c\000p\000p}{chapter.5}% 157
\BOOKMARK [1][-]{section.5.15}{\376\377\0005\000.\0001\0005\000\040\000R\000\351\000f\000\351\000r\000e\000n\000c\000e\000\040\000d\000u\000\040\000f\000i\000c\000h\000i\000e\000r\000\040\000s\000i\000m\000i\000l\000i\000t\000u\000d\000e\000i\000n\000d\000i\000r\000e\000c\000t\000e\000.\000h}{chapter.5}% 158
\BOOKMARK [1][-]{section.5.16}{\376\377\0005\000.\0001\0006\000\040\000R\000\351\000f\000\351\000r\000e\000n\000c\000e\000\040\000d\000u\000\040\000f\000i\000c\000h\000i\000e\000r\000\040\000w\000i\000n\000d\000o\000w\000.\000c\000p\000p}{chapter.5}% 159
\BOOKMARK [1][-]{section.5.17}{\376\377\0005\000.\0001\0007\000\040\000R\000\351\000f\000\351\000r\000e\000n\000c\000e\000\040\000d\000u\000\040\000f\000i\000c\000h\000i\000e\000r\000\040\000w\000i\000n\000d\000o\000w\000.\000h}{chapter.5}% 160
\BOOKMARK [0][-]{section*.35}{\376\377\000I\000n\000d\000e\000x}{}% 161
